<?xml version="1.0" encoding="UTF-8"?>
<!-- Generated by org.testng.reporters.JUnitReportReporter -->
<testsuite hostname="Abd-Elbary" failures="0" tests="3" name="tests.UserRegistrationWithDDTandExcelTest" time="17.480" errors="0" timestamp="2022-11-17T14:02:35 EET" skipped="0">
  <testcase classname="tests.UserRegistrationWithDDTandExcelTest" name="userCanRegisterSuccessfully" time="7.893"/>
  <system-out/>
  <testcase classname="tests.UserRegistrationWithDDTandExcelTest" name="userCanRegisterSuccessfully" time="4.739"/>
  <system-out/>
  <testcase classname="tests.UserRegistrationWithDDTandExcelTest" name="userCanRegisterSuccessfully" time="4.848"/>
  <system-out/>
</testsuite> <!-- tests.UserRegistrationWithDDTandExcelTest -->
