<?xml version="1.0" encoding="UTF-8"?>
<!-- Generated by org.testng.reporters.JUnitReportReporter -->
<testsuite hostname="Abd-Elbary" failures="0" tests="5" name="tests.AddProductReviewTest" time="11.403" errors="0" timestamp="2022-11-14T20:08:47 EET" skipped="0">
  <testcase classname="tests.AddProductReviewTest" name="userCanRegisterSuccessfully" time="2.348"/>
  <system-out/>
  <testcase classname="tests.AddProductReviewTest" name="userCanSearchWithAutoSuggest" time="6.594"/>
  <system-out/>
  <testcase classname="tests.AddProductReviewTest" name="userCanOpenProductDetails" time="0.657"/>
  <system-out/>
  <testcase classname="tests.AddProductReviewTest" name="userCanAddReview" time="0.795"/>
  <system-out/>
  <testcase classname="tests.AddProductReviewTest" name="userCanLogout" time="1.009"/>
  <system-out/>
</testsuite> <!-- tests.AddProductReviewTest -->
