<?xml version="1.0" encoding="UTF-8"?>
<!-- Generated by org.testng.reporters.JUnitReportReporter -->
<testsuite hostname="Abd-Elbary" failures="0" tests="4" name="tests.RegisteredUserCheckoutTest" time="14.786" errors="0" timestamp="2022-11-14T20:08:47 EET" skipped="0">
  <testcase classname="tests.RegisteredUserCheckoutTest" name="userCanRegisterSuccessfully" time="1.745"/>
  <system-out/>
  <testcase classname="tests.RegisteredUserCheckoutTest" name="userCanSearchWithAutoSuggest" time="5.808"/>
  <system-out/>
  <testcase classname="tests.RegisteredUserCheckoutTest" name="userCanAddProductsToShoopingCart" time="3.746"/>
  <system-out/>
  <testcase classname="tests.RegisteredUserCheckoutTest" name="useCanCheckout" time="3.487"/>
  <system-out/>
</testsuite> <!-- tests.RegisteredUserCheckoutTest -->
