<?xml version="1.0" encoding="UTF-8"?>
<!-- Generated by org.testng.reporters.JUnitReportReporter -->
<testsuite hostname="Abd-Elbary" failures="0" tests="1" name="tests.ContactUsTest" time="1.612" errors="0" timestamp="2022-11-14T20:08:47 EET" skipped="0">
  <testcase classname="tests.ContactUsTest" name="UserCanUseContactUs" time="1.612"/>
  <system-out/>
</testsuite> <!-- tests.ContactUsTest -->
