<?xml version="1.0" encoding="UTF-8"?>
<!-- Generated by org.testng.reporters.JUnitReportReporter -->
<testsuite hostname="Abd-Elbary" failures="0" tests="4" name="tests.EmailFriendTest" time="10.200" errors="0" timestamp="2022-11-14T20:08:47 EET" skipped="0">
  <testcase classname="tests.EmailFriendTest" name="userCanRegisterSuccessfully" time="2.313"/>
  <system-out/>
  <testcase classname="tests.EmailFriendTest" name="userCanSearchWithAutoSuggest" time="5.881"/>
  <system-out/>
  <testcase classname="tests.EmailFriendTest" name="RegistereduserCanSendProductToFriend" time="1.279"/>
  <system-out/>
  <testcase classname="tests.EmailFriendTest" name="userCanLogout" time="0.727"/>
  <system-out/>
</testsuite> <!-- tests.EmailFriendTest -->
