<?xml version="1.0" encoding="UTF-8"?>
<!-- Generated by org.testng.reporters.JUnitReportReporter -->
<testsuite hostname="Abd-Elbary" failures="0" tests="2" name="tests.UserRegistrationWithDDTandDataProviderTest" time="10.171" errors="0" timestamp="2022-11-16T06:23:24 EET" skipped="0">
  <testcase classname="tests.UserRegistrationWithDDTandDataProviderTest" name="userCanRegisterSuccessfully" time="4.548"/>
  <system-out/>
  <testcase classname="tests.UserRegistrationWithDDTandDataProviderTest" name="userCanRegisterSuccessfully" time="5.623"/>
  <system-out/>
</testsuite> <!-- tests.UserRegistrationWithDDTandDataProviderTest -->
