<?xml version="1.0" encoding="UTF-8"?>
<!-- Generated by org.testng.reporters.JUnitReportReporter -->
<testsuite hostname="Abd-Elbary" failures="0" tests="4" name="tests.AddProductToShoppingCartTest" time="13.240" errors="0" timestamp="2022-11-14T20:08:47 EET" skipped="0">
  <testcase classname="tests.AddProductToShoppingCartTest" name="userCanSearchWithAutoSuggest" time="5.946"/>
  <system-out/>
  <testcase classname="tests.AddProductToShoppingCartTest" name="userCanAddProductsToShoopingCart" time="2.648"/>
  <system-out/>
  <testcase classname="tests.AddProductToShoppingCartTest" name="userCanUpdateShoppingCart" time="4.103"/>
  <system-out/>
  <testcase classname="tests.AddProductToShoppingCartTest" name="userCanDelteCart" time="0.543"/>
  <system-out/>
</testsuite> <!-- tests.AddProductToShoppingCartTest -->
