<?xml version="1.0" encoding="UTF-8"?>
<!-- Generated by org.testng.reporters.JUnitReportReporter -->
<testsuite hostname="Abd-Elbary" failures="0" tests="1" name="runner.TestRunner" time="6.030" errors="0" timestamp="2022-11-20T07:34:21 EET" skipped="0">
  <testcase classname="runner.TestRunner" name="runScenario" time="6.030"/>
  <system-out/>
</testsuite> <!-- runner.TestRunner -->
