<?xml version="1.0" encoding="UTF-8"?>
<!-- Generated by org.testng.reporters.JUnitReportReporter -->
<testsuite hostname="Abd-Elbary" failures="0" tests="3" name="tests.UserRegistrationWithDDTandProperitiesFileTest" time="4.779" errors="0" timestamp="2022-11-17T10:31:03 EET" skipped="0">
  <testcase classname="tests.UserRegistrationWithDDTandProperitiesFileTest" name="userCanLogout" time="0.705"/>
  <system-out/>
  <testcase classname="tests.UserRegistrationWithDDTandProperitiesFileTest" name="RegisterduserCanLoginSuccessfully" time="1.574"/>
  <system-out/>
  <testcase classname="tests.UserRegistrationWithDDTandProperitiesFileTest" name="userCanRegisterSuccessfully" time="2.500"/>
  <system-out/>
</testsuite> <!-- tests.UserRegistrationWithDDTandProperitiesFileTest -->
