<?xml version="1.0" encoding="UTF-8"?>
<!-- Generated by org.testng.reporters.JUnitReportReporter -->
<testsuite hostname="Abd-Elbary" failures="0" tests="2" name="tests.changeCurrencyTest" time="7.051" errors="0" timestamp="2022-11-14T20:08:47 EET" skipped="0">
  <testcase classname="tests.changeCurrencyTest" name="userCanChangeCurrency" time="0.745"/>
  <system-out/>
  <testcase classname="tests.changeCurrencyTest" name="userCanSearchWithAutoSuggest" time="6.306"/>
  <system-out/>
</testsuite> <!-- tests.changeCurrencyTest -->
